<?xml version="1.0" encoding="UTF-8"?>
<!-- Generated by org.testng.reporters.JUnitReportReporter -->
<testsuite hostname="DELL-PC" name="driverfactory.driverscript" tests="1" failures="0" timestamp="19 Aug 2022 00:24:11 GMT" time="4.592" errors="0">
  <testcase name="starttest" time="4.592" classname="driverfactory.driverscript"/>
</testsuite> <!-- driverfactory.driverscript -->
