<?xml version="1.0" encoding="UTF-8"?>
<!-- Generated by org.testng.reporters.JUnitReportReporter -->
<testsuite hostname="DELL-PC" name="commonfunctions.functionlibrary" tests="1" failures="0" timestamp="19 Aug 2022 00:01:21 GMT" time="2.663" errors="0">
  <testcase name="ru" time="2.663" classname="commonfunctions.functionlibrary"/>
</testsuite> <!-- commonfunctions.functionlibrary -->
